======================================================================
1. Reproduction of Green's numbers
======================================================================
S1 = 0.0839757   (Green: 0.0839757)  [tail < 5.95e-12]
S2 = 0.1219300   (Green: 0.1219299)  [tail < 5.21e-21]
gamma(p_Green) = 0.1429630 = 1/6.9948   (Green: 1/6.9994)
J(p_Green) = 2.409547
B_3 constant 4/(1+gamma) = 3.499676  (Green: 3.5)

======================================================================
2. Sanity: J for closed-form kernels (grid evaluation, R=20000)
======================================================================
constant 2                         J = 19.45982  gamma = 1/3684.565  const = 3.99891
Green quartic 5/2-40(x-1/2)^4      J = 17.08738  gamma = 1/2494.576  const = 3.99840
parabola 3-6(x-1/2)^2*2            J = 17.43202  gamma = 1/2648.580  const = 3.99849

======================================================================
3. Convex optimization (discretized), increasing resolution
======================================================================
n= 200 R=  4000:  J* = 72.398380  gamma* = 1/189738.9741  B3 const 4/(1+gamma*) = 3.999979
n= 400 R=  8000:  J* = 72.548316  gamma* = 1/190920.2562  B3 const 4/(1+gamma*) = 3.999979
n= 800 R= 12000:  J* = 53.207996  gamma* = 1/75318.3355  B3 const 4/(1+gamma*) = 3.999947
optimal p saved to data/popt.npy; p range: 0.24364612558300752 .. 2.5237296184903486
